The system is: Darwin - 12.2.0 - i386
Compiling the C compiler identification source file "CMakeCCompilerId.c" succeeded.
Compiler:  
Build flags: 
Id flags: 

The output was:
0
=== BUILD NATIVE TARGET CompilerIdC OF PROJECT CompilerIdC WITH THE DEFAULT CONFIGURATION (Debug) ===
Check dependencies

CompileC ./CompilerIdC.build/Debug/CompilerIdC.build/Objects-normal/i386/CMakeCCompilerId.o CMakeCCompilerId.c normal i386 c com.apple.compilers.llvm.clang.1_0.compiler
    cd "/Users/Amaru/Desktop/Aktuellt_skolarbete/Luftens Hjältar/talespin/glm/CMakeFiles/2.8.10/CompilerIdC"
    setenv LANG en_US.US-ASCII
    /Applications/Xcode.app/Contents/Developer/Toolchains/XcodeDefault.xctoolchain/usr/bin/clang -x c -arch i386 -fmessage-length=0 -Wno-trigraphs -fpascal-strings -Os -Wno-missing-field-initializers -Wno-missing-prototypes -Wno-return-type -Wformat -Wno-missing-braces -Wparentheses -Wswitch -Wno-unused-function -Wno-unused-label -Wno-unused-parameter -Wno-unused-variable -Wunused-value -Wno-empty-body -Wno-uninitialized -Wno-unknown-pragmas -Wno-shadow -Wno-four-char-constants -Wno-conversion -Wno-shorten-64-to-32 -Wpointer-sign -Wno-newline-eof -fasm-blocks -Wdeprecated-declarations -g -fvisibility=hidden -Wno-sign-conversion "-I/Users/Amaru/Desktop/Aktuellt_skolarbete/Luftens Hjältar/talespin/glm/CMakeFiles/2.8.10/CompilerIdC/./CompilerIdC.build/Debug/CompilerIdC.build/CompilerIdC.hmap" "-I/Users/Amaru/Desktop/Aktuellt_skolarbete/Luftens Hjältar/talespin/glm/CMakeFiles/2.8.10/CompilerIdC/include" -I/Applications/Xcode.app/Contents/Developer/Toolchains/XcodeDefault.xctoolchain/usr/include -I/Applications/Xcode.app/Contents/Developer/Toolchains/XcodeDefault.xctoolchain/usr/include -I/Applications/Xcode.app/Contents/Developer/Toolchains/XcodeDefault.xctoolchain/usr/include "-I/Users/Amaru/Desktop/Aktuellt_skolarbete/Luftens Hjältar/talespin/glm/CMakeFiles/2.8.10/CompilerIdC/./CompilerIdC.build/Debug/CompilerIdC.build/DerivedSources/i386" "-I/Users/Amaru/Desktop/Aktuellt_skolarbete/Luftens Hjältar/talespin/glm/CMakeFiles/2.8.10/CompilerIdC/./CompilerIdC.build/Debug/CompilerIdC.build/DerivedSources" "-F/Users/Amaru/Desktop/Aktuellt_skolarbete/Luftens Hjältar/talespin/glm/CMakeFiles/2.8.10/CompilerIdC" -MMD -MT dependencies -MF "/Users/Amaru/Desktop/Aktuellt_skolarbete/Luftens Hjältar/talespin/glm/CMakeFiles/2.8.10/CompilerIdC/./CompilerIdC.build/Debug/CompilerIdC.build/Objects-normal/i386/CMakeCCompilerId.d" --serialize-diagnostics "/Users/Amaru/Desktop/Aktuellt_skolarbete/Luftens Hjältar/talespin/glm/CMakeFiles/2.8.10/CompilerIdC/./CompilerIdC.build/Debug/CompilerIdC.build/Objects-normal/i386/CMakeCCompilerId.dia" -c "/Users/Amaru/Desktop/Aktuellt_skolarbete/Luftens Hjältar/talespin/glm/CMakeFiles/2.8.10/CompilerIdC/CMakeCCompilerId.c" -o "/Users/Amaru/Desktop/Aktuellt_skolarbete/Luftens Hjältar/talespin/glm/CMakeFiles/2.8.10/CompilerIdC/./CompilerIdC.build/Debug/CompilerIdC.build/Objects-normal/i386/CMakeCCompilerId.o"

Ld ./CompilerIdC normal i386
    cd "/Users/Amaru/Desktop/Aktuellt_skolarbete/Luftens Hjältar/talespin/glm/CMakeFiles/2.8.10/CompilerIdC"
    /Applications/Xcode.app/Contents/Developer/Toolchains/XcodeDefault.xctoolchain/usr/bin/clang -arch i386 "-L/Users/Amaru/Desktop/Aktuellt_skolarbete/Luftens Hjältar/talespin/glm/CMakeFiles/2.8.10/CompilerIdC" "-F/Users/Amaru/Desktop/Aktuellt_skolarbete/Luftens Hjältar/talespin/glm/CMakeFiles/2.8.10/CompilerIdC" -filelist "/Users/Amaru/Desktop/Aktuellt_skolarbete/Luftens Hjältar/talespin/glm/CMakeFiles/2.8.10/CompilerIdC/./CompilerIdC.build/Debug/CompilerIdC.build/Objects-normal/i386/CompilerIdC.LinkFileList" -o "/Users/Amaru/Desktop/Aktuellt_skolarbete/Luftens Hjältar/talespin/glm/CMakeFiles/2.8.10/CompilerIdC/./CompilerIdC"

PhaseScriptExecution "Run Script" ./CompilerIdC.build/Debug/CompilerIdC.build/Script-2C8FEB8E15DC1A1A00E56A5D.sh
    cd "/Users/Amaru/Desktop/Aktuellt_skolarbete/Luftens Hjältar/talespin/glm/CMakeFiles/2.8.10/CompilerIdC"
    /bin/sh -c "\"/Users/Amaru/Desktop/Aktuellt_skolarbete/Luftens Hjältar/talespin/glm/CMakeFiles/2.8.10/CompilerIdC/./CompilerIdC.build/Debug/CompilerIdC.build/Script-2C8FEB8E15DC1A1A00E56A5D.sh\""
GCC_VERSION=com.apple.compilers.llvm.clang.1_0


** BUILD SUCCEEDED **



Compilation of the C compiler identification source "CMakeCCompilerId.c" produced "CompilerIdC"

The C compiler identification is Clang, found in "/Users/Amaru/Desktop/Aktuellt_skolarbete/Luftens Hjältar/talespin/glm/CMakeFiles/2.8.10/CompilerIdC/CompilerIdC"

Compiling the CXX compiler identification source file "CMakeCXXCompilerId.cpp" succeeded.
Compiler:  
Build flags: 
Id flags: 

The output was:
0
=== BUILD NATIVE TARGET CompilerIdCXX OF PROJECT CompilerIdCXX WITH THE DEFAULT CONFIGURATION (Debug) ===
Check dependencies

CompileC ./CompilerIdCXX.build/Debug/CompilerIdCXX.build/Objects-normal/i386/CMakeCXXCompilerId.o CMakeCXXCompilerId.cpp normal i386 c++ com.apple.compilers.llvm.clang.1_0.compiler
    cd "/Users/Amaru/Desktop/Aktuellt_skolarbete/Luftens Hjältar/talespin/glm/CMakeFiles/2.8.10/CompilerIdCXX"
    setenv LANG en_US.US-ASCII
    /Applications/Xcode.app/Contents/Developer/Toolchains/XcodeDefault.xctoolchain/usr/bin/clang -x c++ -arch i386 -fmessage-length=0 -Wno-trigraphs -fpascal-strings -Os -Wno-missing-field-initializers -Wno-missing-prototypes -Wno-return-type -Wno-non-virtual-dtor -Wno-overloaded-virtual -Wno-exit-time-destructors -Wformat -Wno-missing-braces -Wparentheses -Wswitch -Wno-unused-function -Wno-unused-label -Wno-unused-parameter -Wno-unused-variable -Wunused-value -Wno-empty-body -Wno-uninitialized -Wno-unknown-pragmas -Wno-shadow -Wno-four-char-constants -Wno-conversion -Wno-shorten-64-to-32 -Wno-newline-eof -Wno-c++11-extensions -fasm-blocks -Wdeprecated-declarations -Winvalid-offsetof -g -fvisibility=hidden -fvisibility-inlines-hidden -Wno-sign-conversion "-I/Users/Amaru/Desktop/Aktuellt_skolarbete/Luftens Hjältar/talespin/glm/CMakeFiles/2.8.10/CompilerIdCXX/./CompilerIdCXX.build/Debug/CompilerIdCXX.build/CompilerIdCXX.hmap" "-I/Users/Amaru/Desktop/Aktuellt_skolarbete/Luftens Hjältar/talespin/glm/CMakeFiles/2.8.10/CompilerIdCXX/include" -I/Applications/Xcode.app/Contents/Developer/Toolchains/XcodeDefault.xctoolchain/usr/include -I/Applications/Xcode.app/Contents/Developer/Toolchains/XcodeDefault.xctoolchain/usr/include -I/Applications/Xcode.app/Contents/Developer/Toolchains/XcodeDefault.xctoolchain/usr/include "-I/Users/Amaru/Desktop/Aktuellt_skolarbete/Luftens Hjältar/talespin/glm/CMakeFiles/2.8.10/CompilerIdCXX/./CompilerIdCXX.build/Debug/CompilerIdCXX.build/DerivedSources/i386" "-I/Users/Amaru/Desktop/Aktuellt_skolarbete/Luftens Hjältar/talespin/glm/CMakeFiles/2.8.10/CompilerIdCXX/./CompilerIdCXX.build/Debug/CompilerIdCXX.build/DerivedSources" "-F/Users/Amaru/Desktop/Aktuellt_skolarbete/Luftens Hjältar/talespin/glm/CMakeFiles/2.8.10/CompilerIdCXX" -MMD -MT dependencies -MF "/Users/Amaru/Desktop/Aktuellt_skolarbete/Luftens Hjältar/talespin/glm/CMakeFiles/2.8.10/CompilerIdCXX/./CompilerIdCXX.build/Debug/CompilerIdCXX.build/Objects-normal/i386/CMakeCXXCompilerId.d" --serialize-diagnostics "/Users/Amaru/Desktop/Aktuellt_skolarbete/Luftens Hjältar/talespin/glm/CMakeFiles/2.8.10/CompilerIdCXX/./CompilerIdCXX.build/Debug/CompilerIdCXX.build/Objects-normal/i386/CMakeCXXCompilerId.dia" -c "/Users/Amaru/Desktop/Aktuellt_skolarbete/Luftens Hjältar/talespin/glm/CMakeFiles/2.8.10/CompilerIdCXX/CMakeCXXCompilerId.cpp" -o "/Users/Amaru/Desktop/Aktuellt_skolarbete/Luftens Hjältar/talespin/glm/CMakeFiles/2.8.10/CompilerIdCXX/./CompilerIdCXX.build/Debug/CompilerIdCXX.build/Objects-normal/i386/CMakeCXXCompilerId.o"

Ld ./CompilerIdCXX normal i386
    cd "/Users/Amaru/Desktop/Aktuellt_skolarbete/Luftens Hjältar/talespin/glm/CMakeFiles/2.8.10/CompilerIdCXX"
    /Applications/Xcode.app/Contents/Developer/Toolchains/XcodeDefault.xctoolchain/usr/bin/clang++ -arch i386 "-L/Users/Amaru/Desktop/Aktuellt_skolarbete/Luftens Hjältar/talespin/glm/CMakeFiles/2.8.10/CompilerIdCXX" "-F/Users/Amaru/Desktop/Aktuellt_skolarbete/Luftens Hjältar/talespin/glm/CMakeFiles/2.8.10/CompilerIdCXX" -filelist "/Users/Amaru/Desktop/Aktuellt_skolarbete/Luftens Hjältar/talespin/glm/CMakeFiles/2.8.10/CompilerIdCXX/./CompilerIdCXX.build/Debug/CompilerIdCXX.build/Objects-normal/i386/CompilerIdCXX.LinkFileList" -o "/Users/Amaru/Desktop/Aktuellt_skolarbete/Luftens Hjältar/talespin/glm/CMakeFiles/2.8.10/CompilerIdCXX/./CompilerIdCXX"

PhaseScriptExecution "Run Script" ./CompilerIdCXX.build/Debug/CompilerIdCXX.build/Script-2C8FEB8E15DC1A1A00E56A5D.sh
    cd "/Users/Amaru/Desktop/Aktuellt_skolarbete/Luftens Hjältar/talespin/glm/CMakeFiles/2.8.10/CompilerIdCXX"
    /bin/sh -c "\"/Users/Amaru/Desktop/Aktuellt_skolarbete/Luftens Hjältar/talespin/glm/CMakeFiles/2.8.10/CompilerIdCXX/./CompilerIdCXX.build/Debug/CompilerIdCXX.build/Script-2C8FEB8E15DC1A1A00E56A5D.sh\""
GCC_VERSION=com.apple.compilers.llvm.clang.1_0


** BUILD SUCCEEDED **



Compilation of the CXX compiler identification source "CMakeCXXCompilerId.cpp" produced "CompilerIdCXX"

The CXX compiler identification is Clang, found in "/Users/Amaru/Desktop/Aktuellt_skolarbete/Luftens Hjältar/talespin/glm/CMakeFiles/2.8.10/CompilerIdCXX/CompilerIdCXX"

Determining if the C compiler works passed with the following output:
Change Dir: /Users/Amaru/Desktop/Aktuellt_skolarbete/Luftens Hjältar/talespin/glm/CMakeFiles/CMakeTmp

Run Build Command:/opt/local/bin/cmakexbuild -project CMAKE_TRY_COMPILE.xcodeproj build -target cmTryCompileExec3150427238 -configuration Debug
=== BUILD NATIVE TARGET cmTryCompileExec3150427238 OF PROJECT CMAKE_TRY_COMPILE WITH CONFIGURATION Debug ===
Check dependencies

CompileC CMAKE_TRY_COMPILE.build/Debug/cmTryCompileExec3150427238.build/Objects-normal/x86_64/testCCompiler.o testCCompiler.c normal x86_64 c com.apple.compilers.llvm.clang.1_0.compiler
    cd "/Users/Amaru/Desktop/Aktuellt_skolarbete/Luftens Hjältar/talespin/glm/CMakeFiles/CMakeTmp"
    /Applications/Xcode.app/Contents/Developer/Toolchains/XcodeDefault.xctoolchain/usr/bin/clang -x c -arch x86_64 -fmessage-length=0 -Wno-trigraphs -fpascal-strings -O0 -Wno-missing-field-initializers -Wno-missing-prototypes -Wno-return-type -Wformat -Wno-missing-braces -Wparentheses -Wswitch -Wno-unused-function -Wno-unused-label -Wno-unused-parameter -Wno-unused-variable -Wunused-value -Wno-empty-body -Wno-uninitialized -Wno-unknown-pragmas -Wno-shadow -Wno-four-char-constants -Wno-conversion -Wno-shorten-64-to-32 -Wpointer-sign -Wno-newline-eof "-DCMAKE_INTDIR=\"Debug\"" -isysroot /Applications/Xcode.app/Contents/Developer/Platforms/MacOSX.platform/Developer/SDKs/MacOSX10.8.sdk -fasm-blocks -Wdeprecated-declarations -mmacosx-version-min=10.8 -g -Wno-sign-conversion "-I/Users/Amaru/Desktop/Aktuellt_skolarbete/Luftens Hjältar/talespin/glm/CMakeFiles/CMakeTmp/Debug/include" -I/Applications/Xcode.app/Contents/Developer/Toolchains/XcodeDefault.xctoolchain/usr/include -I/Applications/Xcode.app/Contents/Developer/Toolchains/XcodeDefault.xctoolchain/usr/include -I/Applications/Xcode.app/Contents/Developer/Toolchains/XcodeDefault.xctoolchain/usr/include "-I/Users/Amaru/Desktop/Aktuellt_skolarbete/Luftens Hjältar/talespin/glm/CMakeFiles/CMakeTmp/CMAKE_TRY_COMPILE.build/Debug/cmTryCompileExec3150427238.build/DerivedSources/x86_64" "-I/Users/Amaru/Desktop/Aktuellt_skolarbete/Luftens Hjältar/talespin/glm/CMakeFiles/CMakeTmp/CMAKE_TRY_COMPILE.build/Debug/cmTryCompileExec3150427238.build/DerivedSources" -Wmost -Wno-four-char-constants -Wno-unknown-pragmas "-F/Users/Amaru/Desktop/Aktuellt_skolarbete/Luftens Hjältar/talespin/glm/CMakeFiles/CMakeTmp/Debug" -MMD -MT dependencies -MF "/Users/Amaru/Desktop/Aktuellt_skolarbete/Luftens Hjältar/talespin/glm/CMakeFiles/CMakeTmp/CMAKE_TRY_COMPILE.build/Debug/cmTryCompileExec3150427238.build/Objects-normal/x86_64/testCCompiler.d" --serialize-diagnostics "/Users/Amaru/Desktop/Aktuellt_skolarbete/Luftens Hjältar/talespin/glm/CMakeFiles/CMakeTmp/CMAKE_TRY_COMPILE.build/Debug/cmTryCompileExec3150427238.build/Objects-normal/x86_64/testCCompiler.dia" -c "/Users/Amaru/Desktop/Aktuellt_skolarbete/Luftens Hjältar/talespin/glm/CMakeFiles/CMakeTmp/testCCompiler.c" -o "/Users/Amaru/Desktop/Aktuellt_skolarbete/Luftens Hjältar/talespin/glm/CMakeFiles/CMakeTmp/CMAKE_TRY_COMPILE.build/Debug/cmTryCompileExec3150427238.build/Objects-normal/x86_64/testCCompiler.o"

Ld Debug/cmTryCompileExec3150427238 normal x86_64
    cd "/Users/Amaru/Desktop/Aktuellt_skolarbete/Luftens Hjältar/talespin/glm/CMakeFiles/CMakeTmp"
    /Applications/Xcode.app/Contents/Developer/Toolchains/XcodeDefault.xctoolchain/usr/bin/clang -arch x86_64 -isysroot /Applications/Xcode.app/Contents/Developer/Platforms/MacOSX.platform/Developer/SDKs/MacOSX10.8.sdk "-L/Users/Amaru/Desktop/Aktuellt_skolarbete/Luftens Hjältar/talespin/glm/CMakeFiles/CMakeTmp/Debug" "-F/Users/Amaru/Desktop/Aktuellt_skolarbete/Luftens Hjältar/talespin/glm/CMakeFiles/CMakeTmp/Debug" -filelist "/Users/Amaru/Desktop/Aktuellt_skolarbete/Luftens Hjältar/talespin/glm/CMakeFiles/CMakeTmp/CMAKE_TRY_COMPILE.build/Debug/cmTryCompileExec3150427238.build/Objects-normal/x86_64/cmTryCompileExec3150427238.LinkFileList" -mmacosx-version-min=10.8 -Wl,-search_paths_first -Wl,-headerpad_max_install_names -o "/Users/Amaru/Desktop/Aktuellt_skolarbete/Luftens Hjältar/talespin/glm/CMakeFiles/CMakeTmp/Debug/cmTryCompileExec3150427238"

PhaseScriptExecution "CMake PostBuild Rules" CMAKE_TRY_COMPILE.build/Debug/cmTryCompileExec3150427238.build/Script-CD2DDD8CD78B4539AAEBA72B.sh
    cd "/Users/Amaru/Desktop/Aktuellt_skolarbete/Luftens Hjältar/talespin/glm/CMakeFiles/CMakeTmp"
    /bin/sh -c "\"/Users/Amaru/Desktop/Aktuellt_skolarbete/Luftens Hjältar/talespin/glm/CMakeFiles/CMakeTmp/CMAKE_TRY_COMPILE.build/Debug/cmTryCompileExec3150427238.build/Script-CD2DDD8CD78B4539AAEBA72B.sh\""
echo "Depend check for xcode"
Depend check for xcode
cd /Users/Amaru/Desktop/Aktuellt_skolarbete/Luftens\ Hjältar/talespin/glm/CMakeFiles/CMakeTmp && make -C /Users/Amaru/Desktop/Aktuellt_skolarbete/Luftens\ Hjältar/talespin/glm/CMakeFiles/CMakeTmp -f /Users/Amaru/Desktop/Aktuellt_skolarbete/Luftens\ Hjältar/talespin/glm/CMakeFiles/CMakeTmp/CMakeScripts/XCODE_DEPEND_HELPER.make PostBuild.cmTryCompileExec3150427238.Debug
make[1]: Nothing to be done for `PostBuild.cmTryCompileExec3150427238.Debug'.


** BUILD SUCCEEDED **



Detecting C compiler ABI info compiled with the following output:
Change Dir: /Users/Amaru/Desktop/Aktuellt_skolarbete/Luftens Hjältar/talespin/glm/CMakeFiles/CMakeTmp

Run Build Command:/opt/local/bin/cmakexbuild -project CMAKE_TRY_COMPILE.xcodeproj build -target cmTryCompileExec2152644067 -configuration Debug
=== BUILD NATIVE TARGET cmTryCompileExec2152644067 OF PROJECT CMAKE_TRY_COMPILE WITH CONFIGURATION Debug ===
Check dependencies

CompileC CMAKE_TRY_COMPILE.build/Debug/cmTryCompileExec2152644067.build/Objects-normal/x86_64/CMakeCCompilerABI.o ../../../../../../../../../opt/local/share/cmake-2.8/Modules/CMakeCCompilerABI.c normal x86_64 c com.apple.compilers.llvm.clang.1_0.compiler
    cd "/Users/Amaru/Desktop/Aktuellt_skolarbete/Luftens Hjältar/talespin/glm/CMakeFiles/CMakeTmp"
    /Applications/Xcode.app/Contents/Developer/Toolchains/XcodeDefault.xctoolchain/usr/bin/clang -x c -arch x86_64 -fmessage-length=0 -Wno-trigraphs -fpascal-strings -O0 -Wno-missing-field-initializers -Wno-missing-prototypes -Wno-return-type -Wformat -Wno-missing-braces -Wparentheses -Wswitch -Wno-unused-function -Wno-unused-label -Wno-unused-parameter -Wno-unused-variable -Wunused-value -Wno-empty-body -Wno-uninitialized -Wno-unknown-pragmas -Wno-shadow -Wno-four-char-constants -Wno-conversion -Wno-shorten-64-to-32 -Wpointer-sign -Wno-newline-eof "-DCMAKE_INTDIR=\"Debug\"" -isysroot /Applications/Xcode.app/Contents/Developer/Platforms/MacOSX.platform/Developer/SDKs/MacOSX10.8.sdk -fasm-blocks -Wdeprecated-declarations -mmacosx-version-min=10.8 -g -Wno-sign-conversion "-I/Users/Amaru/Desktop/Aktuellt_skolarbete/Luftens Hjältar/talespin/glm/CMakeFiles/CMakeTmp/Debug/include" -I/Applications/Xcode.app/Contents/Developer/Toolchains/XcodeDefault.xctoolchain/usr/include -I/Applications/Xcode.app/Contents/Developer/Toolchains/XcodeDefault.xctoolchain/usr/include -I/Applications/Xcode.app/Contents/Developer/Toolchains/XcodeDefault.xctoolchain/usr/include "-I/Users/Amaru/Desktop/Aktuellt_skolarbete/Luftens Hjältar/talespin/glm/CMakeFiles/CMakeTmp/CMAKE_TRY_COMPILE.build/Debug/cmTryCompileExec2152644067.build/DerivedSources/x86_64" "-I/Users/Amaru/Desktop/Aktuellt_skolarbete/Luftens Hjältar/talespin/glm/CMakeFiles/CMakeTmp/CMAKE_TRY_COMPILE.build/Debug/cmTryCompileExec2152644067.build/DerivedSources" -Wmost -Wno-four-char-constants -Wno-unknown-pragmas "-F/Users/Amaru/Desktop/Aktuellt_skolarbete/Luftens Hjältar/talespin/glm/CMakeFiles/CMakeTmp/Debug" -MMD -MT dependencies -MF "/Users/Amaru/Desktop/Aktuellt_skolarbete/Luftens Hjältar/talespin/glm/CMakeFiles/CMakeTmp/CMAKE_TRY_COMPILE.build/Debug/cmTryCompileExec2152644067.build/Objects-normal/x86_64/CMakeCCompilerABI.d" --serialize-diagnostics "/Users/Amaru/Desktop/Aktuellt_skolarbete/Luftens Hjältar/talespin/glm/CMakeFiles/CMakeTmp/CMAKE_TRY_COMPILE.build/Debug/cmTryCompileExec2152644067.build/Objects-normal/x86_64/CMakeCCompilerABI.dia" -c "/Users/Amaru/Desktop/Aktuellt_skolarbete/Luftens Hjältar/talespin/glm/CMakeFiles/CMakeTmp/../../../../../../../../../opt/local/share/cmake-2.8/Modules/CMakeCCompilerABI.c" -o "/Users/Amaru/Desktop/Aktuellt_skolarbete/Luftens Hjältar/talespin/glm/CMakeFiles/CMakeTmp/CMAKE_TRY_COMPILE.build/Debug/cmTryCompileExec2152644067.build/Objects-normal/x86_64/CMakeCCompilerABI.o"

Ld Debug/cmTryCompileExec2152644067 normal x86_64
    cd "/Users/Amaru/Desktop/Aktuellt_skolarbete/Luftens Hjältar/talespin/glm/CMakeFiles/CMakeTmp"
    /Applications/Xcode.app/Contents/Developer/Toolchains/XcodeDefault.xctoolchain/usr/bin/clang -arch x86_64 -isysroot /Applications/Xcode.app/Contents/Developer/Platforms/MacOSX.platform/Developer/SDKs/MacOSX10.8.sdk "-L/Users/Amaru/Desktop/Aktuellt_skolarbete/Luftens Hjältar/talespin/glm/CMakeFiles/CMakeTmp/Debug" "-F/Users/Amaru/Desktop/Aktuellt_skolarbete/Luftens Hjältar/talespin/glm/CMakeFiles/CMakeTmp/Debug" -filelist "/Users/Amaru/Desktop/Aktuellt_skolarbete/Luftens Hjältar/talespin/glm/CMakeFiles/CMakeTmp/CMAKE_TRY_COMPILE.build/Debug/cmTryCompileExec2152644067.build/Objects-normal/x86_64/cmTryCompileExec2152644067.LinkFileList" -mmacosx-version-min=10.8 -v -Wl,-search_paths_first -Wl,-headerpad_max_install_names -o "/Users/Amaru/Desktop/Aktuellt_skolarbete/Luftens Hjältar/talespin/glm/CMakeFiles/CMakeTmp/Debug/cmTryCompileExec2152644067"
Apple clang version 4.1 (tags/Apple/clang-421.11.66) (based on LLVM 3.1svn)
Target: x86_64-apple-darwin12.2.0
Thread model: posix
 "/Applications/Xcode.app/Contents/Developer/Toolchains/XcodeDefault.xctoolchain/usr/bin/ld" -demangle -dynamic -arch x86_64 -macosx_version_min 10.8.0 -syslibroot /Applications/Xcode.app/Contents/Developer/Platforms/MacOSX.platform/Developer/SDKs/MacOSX10.8.sdk -o "/Users/Amaru/Desktop/Aktuellt_skolarbete/Luftens Hjältar/talespin/glm/CMakeFiles/CMakeTmp/Debug/cmTryCompileExec2152644067" "-L/Users/Amaru/Desktop/Aktuellt_skolarbete/Luftens Hjältar/talespin/glm/CMakeFiles/CMakeTmp/Debug" -filelist "/Users/Amaru/Desktop/Aktuellt_skolarbete/Luftens Hjältar/talespin/glm/CMakeFiles/CMakeTmp/CMAKE_TRY_COMPILE.build/Debug/cmTryCompileExec2152644067.build/Objects-normal/x86_64/cmTryCompileExec2152644067.LinkFileList" -search_paths_first -headerpad_max_install_names -lSystem /Applications/Xcode.app/Contents/Developer/Toolchains/XcodeDefault.xctoolchain/usr/bin/../lib/clang/4.1/lib/darwin/libclang_rt.osx.a "-F/Users/Amaru/Desktop/Aktuellt_skolarbete/Luftens Hjältar/talespin/glm/CMakeFiles/CMakeTmp/Debug"

PhaseScriptExecution "CMake PostBuild Rules" CMAKE_TRY_COMPILE.build/Debug/cmTryCompileExec2152644067.build/Script-7B8BC414BC5A4119AFF390F5.sh
    cd "/Users/Amaru/Desktop/Aktuellt_skolarbete/Luftens Hjältar/talespin/glm/CMakeFiles/CMakeTmp"
    /bin/sh -c "\"/Users/Amaru/Desktop/Aktuellt_skolarbete/Luftens Hjältar/talespin/glm/CMakeFiles/CMakeTmp/CMAKE_TRY_COMPILE.build/Debug/cmTryCompileExec2152644067.build/Script-7B8BC414BC5A4119AFF390F5.sh\""
echo "Depend check for xcode"
Depend check for xcode
cd /Users/Amaru/Desktop/Aktuellt_skolarbete/Luftens\ Hjältar/talespin/glm/CMakeFiles/CMakeTmp && make -C /Users/Amaru/Desktop/Aktuellt_skolarbete/Luftens\ Hjältar/talespin/glm/CMakeFiles/CMakeTmp -f /Users/Amaru/Desktop/Aktuellt_skolarbete/Luftens\ Hjältar/talespin/glm/CMakeFiles/CMakeTmp/CMakeScripts/XCODE_DEPEND_HELPER.make PostBuild.cmTryCompileExec2152644067.Debug
make[1]: Nothing to be done for `PostBuild.cmTryCompileExec2152644067.Debug'.


** BUILD SUCCEEDED **



Determining if the CXX compiler works passed with the following output:
Change Dir: /Users/Amaru/Desktop/Aktuellt_skolarbete/Luftens Hjältar/talespin/glm/CMakeFiles/CMakeTmp

Run Build Command:/opt/local/bin/cmakexbuild -project CMAKE_TRY_COMPILE.xcodeproj build -target cmTryCompileExec584350469 -configuration Debug
=== BUILD NATIVE TARGET cmTryCompileExec584350469 OF PROJECT CMAKE_TRY_COMPILE WITH CONFIGURATION Debug ===
Check dependencies

CompileC CMAKE_TRY_COMPILE.build/Debug/cmTryCompileExec584350469.build/Objects-normal/x86_64/testCXXCompiler.o testCXXCompiler.cxx normal x86_64 c++ com.apple.compilers.llvm.clang.1_0.compiler
    cd "/Users/Amaru/Desktop/Aktuellt_skolarbete/Luftens Hjältar/talespin/glm/CMakeFiles/CMakeTmp"
    /Applications/Xcode.app/Contents/Developer/Toolchains/XcodeDefault.xctoolchain/usr/bin/clang -x c++ -arch x86_64 -fmessage-length=0 -Wno-trigraphs -fpascal-strings -O0 -Wno-missing-field-initializers -Wno-missing-prototypes -Wno-return-type -Wno-non-virtual-dtor -Wno-overloaded-virtual -Wno-exit-time-destructors -Wformat -Wno-missing-braces -Wparentheses -Wswitch -Wno-unused-function -Wno-unused-label -Wno-unused-parameter -Wno-unused-variable -Wunused-value -Wno-empty-body -Wno-uninitialized -Wno-unknown-pragmas -Wno-shadow -Wno-four-char-constants -Wno-conversion -Wno-shorten-64-to-32 -Wno-newline-eof -Wno-c++11-extensions "-DCMAKE_INTDIR=\"Debug\"" -isysroot /Applications/Xcode.app/Contents/Developer/Platforms/MacOSX.platform/Developer/SDKs/MacOSX10.8.sdk -fasm-blocks -Wdeprecated-declarations -Winvalid-offsetof -mmacosx-version-min=10.8 -Wno-sign-conversion "-I/Users/Amaru/Desktop/Aktuellt_skolarbete/Luftens Hjältar/talespin/glm/CMakeFiles/CMakeTmp/Debug/include" -I/Applications/Xcode.app/Contents/Developer/Toolchains/XcodeDefault.xctoolchain/usr/include -I/Applications/Xcode.app/Contents/Developer/Toolchains/XcodeDefault.xctoolchain/usr/include -I/Applications/Xcode.app/Contents/Developer/Toolchains/XcodeDefault.xctoolchain/usr/include "-I/Users/Amaru/Desktop/Aktuellt_skolarbete/Luftens Hjältar/talespin/glm/CMakeFiles/CMakeTmp/CMAKE_TRY_COMPILE.build/Debug/cmTryCompileExec584350469.build/DerivedSources/x86_64" "-I/Users/Amaru/Desktop/Aktuellt_skolarbete/Luftens Hjältar/talespin/glm/CMakeFiles/CMakeTmp/CMAKE_TRY_COMPILE.build/Debug/cmTryCompileExec584350469.build/DerivedSources" -Wmost -Wno-four-char-constants -Wno-unknown-pragmas "-F/Users/Amaru/Desktop/Aktuellt_skolarbete/Luftens Hjältar/talespin/glm/CMakeFiles/CMakeTmp/Debug" -g -MMD -MT dependencies -MF "/Users/Amaru/Desktop/Aktuellt_skolarbete/Luftens Hjältar/talespin/glm/CMakeFiles/CMakeTmp/CMAKE_TRY_COMPILE.build/Debug/cmTryCompileExec584350469.build/Objects-normal/x86_64/testCXXCompiler.d" --serialize-diagnostics "/Users/Amaru/Desktop/Aktuellt_skolarbete/Luftens Hjältar/talespin/glm/CMakeFiles/CMakeTmp/CMAKE_TRY_COMPILE.build/Debug/cmTryCompileExec584350469.build/Objects-normal/x86_64/testCXXCompiler.dia" -c "/Users/Amaru/Desktop/Aktuellt_skolarbete/Luftens Hjältar/talespin/glm/CMakeFiles/CMakeTmp/testCXXCompiler.cxx" -o "/Users/Amaru/Desktop/Aktuellt_skolarbete/Luftens Hjältar/talespin/glm/CMakeFiles/CMakeTmp/CMAKE_TRY_COMPILE.build/Debug/cmTryCompileExec584350469.build/Objects-normal/x86_64/testCXXCompiler.o"

Ld Debug/cmTryCompileExec584350469 normal x86_64
    cd "/Users/Amaru/Desktop/Aktuellt_skolarbete/Luftens Hjältar/talespin/glm/CMakeFiles/CMakeTmp"
    /Applications/Xcode.app/Contents/Developer/Toolchains/XcodeDefault.xctoolchain/usr/bin/clang++ -arch x86_64 -isysroot /Applications/Xcode.app/Contents/Developer/Platforms/MacOSX.platform/Developer/SDKs/MacOSX10.8.sdk "-L/Users/Amaru/Desktop/Aktuellt_skolarbete/Luftens Hjältar/talespin/glm/CMakeFiles/CMakeTmp/Debug" "-F/Users/Amaru/Desktop/Aktuellt_skolarbete/Luftens Hjältar/talespin/glm/CMakeFiles/CMakeTmp/Debug" -filelist "/Users/Amaru/Desktop/Aktuellt_skolarbete/Luftens Hjältar/talespin/glm/CMakeFiles/CMakeTmp/CMAKE_TRY_COMPILE.build/Debug/cmTryCompileExec584350469.build/Objects-normal/x86_64/cmTryCompileExec584350469.LinkFileList" -mmacosx-version-min=10.8 -Wl,-search_paths_first -Wl,-headerpad_max_install_names -o "/Users/Amaru/Desktop/Aktuellt_skolarbete/Luftens Hjältar/talespin/glm/CMakeFiles/CMakeTmp/Debug/cmTryCompileExec584350469"

PhaseScriptExecution "CMake PostBuild Rules" CMAKE_TRY_COMPILE.build/Debug/cmTryCompileExec584350469.build/Script-B437571040254EE3ACF42E11.sh
    cd "/Users/Amaru/Desktop/Aktuellt_skolarbete/Luftens Hjältar/talespin/glm/CMakeFiles/CMakeTmp"
    /bin/sh -c "\"/Users/Amaru/Desktop/Aktuellt_skolarbete/Luftens Hjältar/talespin/glm/CMakeFiles/CMakeTmp/CMAKE_TRY_COMPILE.build/Debug/cmTryCompileExec584350469.build/Script-B437571040254EE3ACF42E11.sh\""
echo "Depend check for xcode"
Depend check for xcode
cd /Users/Amaru/Desktop/Aktuellt_skolarbete/Luftens\ Hjältar/talespin/glm/CMakeFiles/CMakeTmp && make -C /Users/Amaru/Desktop/Aktuellt_skolarbete/Luftens\ Hjältar/talespin/glm/CMakeFiles/CMakeTmp -f /Users/Amaru/Desktop/Aktuellt_skolarbete/Luftens\ Hjältar/talespin/glm/CMakeFiles/CMakeTmp/CMakeScripts/XCODE_DEPEND_HELPER.make PostBuild.cmTryCompileExec584350469.Debug
make[1]: Nothing to be done for `PostBuild.cmTryCompileExec584350469.Debug'.


** BUILD SUCCEEDED **



Detecting CXX compiler ABI info compiled with the following output:
Change Dir: /Users/Amaru/Desktop/Aktuellt_skolarbete/Luftens Hjältar/talespin/glm/CMakeFiles/CMakeTmp

Run Build Command:/opt/local/bin/cmakexbuild -project CMAKE_TRY_COMPILE.xcodeproj build -target cmTryCompileExec3808380376 -configuration Debug
=== BUILD NATIVE TARGET cmTryCompileExec3808380376 OF PROJECT CMAKE_TRY_COMPILE WITH CONFIGURATION Debug ===
Check dependencies

CompileC CMAKE_TRY_COMPILE.build/Debug/cmTryCompileExec3808380376.build/Objects-normal/x86_64/CMakeCXXCompilerABI.o ../../../../../../../../../opt/local/share/cmake-2.8/Modules/CMakeCXXCompilerABI.cpp normal x86_64 c++ com.apple.compilers.llvm.clang.1_0.compiler
    cd "/Users/Amaru/Desktop/Aktuellt_skolarbete/Luftens Hjältar/talespin/glm/CMakeFiles/CMakeTmp"
    /Applications/Xcode.app/Contents/Developer/Toolchains/XcodeDefault.xctoolchain/usr/bin/clang -x c++ -arch x86_64 -fmessage-length=0 -Wno-trigraphs -fpascal-strings -O0 -Wno-missing-field-initializers -Wno-missing-prototypes -Wno-return-type -Wno-non-virtual-dtor -Wno-overloaded-virtual -Wno-exit-time-destructors -Wformat -Wno-missing-braces -Wparentheses -Wswitch -Wno-unused-function -Wno-unused-label -Wno-unused-parameter -Wno-unused-variable -Wunused-value -Wno-empty-body -Wno-uninitialized -Wno-unknown-pragmas -Wno-shadow -Wno-four-char-constants -Wno-conversion -Wno-shorten-64-to-32 -Wno-newline-eof -Wno-c++11-extensions "-DCMAKE_INTDIR=\"Debug\"" -isysroot /Applications/Xcode.app/Contents/Developer/Platforms/MacOSX.platform/Developer/SDKs/MacOSX10.8.sdk -fasm-blocks -Wdeprecated-declarations -Winvalid-offsetof -mmacosx-version-min=10.8 -Wno-sign-conversion "-I/Users/Amaru/Desktop/Aktuellt_skolarbete/Luftens Hjältar/talespin/glm/CMakeFiles/CMakeTmp/Debug/include" -I/Applications/Xcode.app/Contents/Developer/Toolchains/XcodeDefault.xctoolchain/usr/include -I/Applications/Xcode.app/Contents/Developer/Toolchains/XcodeDefault.xctoolchain/usr/include -I/Applications/Xcode.app/Contents/Developer/Toolchains/XcodeDefault.xctoolchain/usr/include "-I/Users/Amaru/Desktop/Aktuellt_skolarbete/Luftens Hjältar/talespin/glm/CMakeFiles/CMakeTmp/CMAKE_TRY_COMPILE.build/Debug/cmTryCompileExec3808380376.build/DerivedSources/x86_64" "-I/Users/Amaru/Desktop/Aktuellt_skolarbete/Luftens Hjältar/talespin/glm/CMakeFiles/CMakeTmp/CMAKE_TRY_COMPILE.build/Debug/cmTryCompileExec3808380376.build/DerivedSources" -Wmost -Wno-four-char-constants -Wno-unknown-pragmas "-F/Users/Amaru/Desktop/Aktuellt_skolarbete/Luftens Hjältar/talespin/glm/CMakeFiles/CMakeTmp/Debug" -g -MMD -MT dependencies -MF "/Users/Amaru/Desktop/Aktuellt_skolarbete/Luftens Hjältar/talespin/glm/CMakeFiles/CMakeTmp/CMAKE_TRY_COMPILE.build/Debug/cmTryCompileExec3808380376.build/Objects-normal/x86_64/CMakeCXXCompilerABI.d" --serialize-diagnostics "/Users/Amaru/Desktop/Aktuellt_skolarbete/Luftens Hjältar/talespin/glm/CMakeFiles/CMakeTmp/CMAKE_TRY_COMPILE.build/Debug/cmTryCompileExec3808380376.build/Objects-normal/x86_64/CMakeCXXCompilerABI.dia" -c "/Users/Amaru/Desktop/Aktuellt_skolarbete/Luftens Hjältar/talespin/glm/CMakeFiles/CMakeTmp/../../../../../../../../../opt/local/share/cmake-2.8/Modules/CMakeCXXCompilerABI.cpp" -o "/Users/Amaru/Desktop/Aktuellt_skolarbete/Luftens Hjältar/talespin/glm/CMakeFiles/CMakeTmp/CMAKE_TRY_COMPILE.build/Debug/cmTryCompileExec3808380376.build/Objects-normal/x86_64/CMakeCXXCompilerABI.o"

Ld Debug/cmTryCompileExec3808380376 normal x86_64
    cd "/Users/Amaru/Desktop/Aktuellt_skolarbete/Luftens Hjältar/talespin/glm/CMakeFiles/CMakeTmp"
    /Applications/Xcode.app/Contents/Developer/Toolchains/XcodeDefault.xctoolchain/usr/bin/clang++ -arch x86_64 -isysroot /Applications/Xcode.app/Contents/Developer/Platforms/MacOSX.platform/Developer/SDKs/MacOSX10.8.sdk "-L/Users/Amaru/Desktop/Aktuellt_skolarbete/Luftens Hjältar/talespin/glm/CMakeFiles/CMakeTmp/Debug" "-F/Users/Amaru/Desktop/Aktuellt_skolarbete/Luftens Hjältar/talespin/glm/CMakeFiles/CMakeTmp/Debug" -filelist "/Users/Amaru/Desktop/Aktuellt_skolarbete/Luftens Hjältar/talespin/glm/CMakeFiles/CMakeTmp/CMAKE_TRY_COMPILE.build/Debug/cmTryCompileExec3808380376.build/Objects-normal/x86_64/cmTryCompileExec3808380376.LinkFileList" -mmacosx-version-min=10.8 -v -Wl,-search_paths_first -Wl,-headerpad_max_install_names -o "/Users/Amaru/Desktop/Aktuellt_skolarbete/Luftens Hjältar/talespin/glm/CMakeFiles/CMakeTmp/Debug/cmTryCompileExec3808380376"
Apple clang version 4.1 (tags/Apple/clang-421.11.66) (based on LLVM 3.1svn)
Target: x86_64-apple-darwin12.2.0
Thread model: posix
 "/Applications/Xcode.app/Contents/Developer/Toolchains/XcodeDefault.xctoolchain/usr/bin/ld" -demangle -dynamic -arch x86_64 -macosx_version_min 10.8.0 -syslibroot /Applications/Xcode.app/Contents/Developer/Platforms/MacOSX.platform/Developer/SDKs/MacOSX10.8.sdk -o "/Users/Amaru/Desktop/Aktuellt_skolarbete/Luftens Hjältar/talespin/glm/CMakeFiles/CMakeTmp/Debug/cmTryCompileExec3808380376" "-L/Users/Amaru/Desktop/Aktuellt_skolarbete/Luftens Hjältar/talespin/glm/CMakeFiles/CMakeTmp/Debug" -filelist "/Users/Amaru/Desktop/Aktuellt_skolarbete/Luftens Hjältar/talespin/glm/CMakeFiles/CMakeTmp/CMAKE_TRY_COMPILE.build/Debug/cmTryCompileExec3808380376.build/Objects-normal/x86_64/cmTryCompileExec3808380376.LinkFileList" -search_paths_first -headerpad_max_install_names -lstdc++ -lSystem /Applications/Xcode.app/Contents/Developer/Toolchains/XcodeDefault.xctoolchain/usr/bin/../lib/clang/4.1/lib/darwin/libclang_rt.osx.a "-F/Users/Amaru/Desktop/Aktuellt_skolarbete/Luftens Hjältar/talespin/glm/CMakeFiles/CMakeTmp/Debug"

PhaseScriptExecution "CMake PostBuild Rules" CMAKE_TRY_COMPILE.build/Debug/cmTryCompileExec3808380376.build/Script-A654CB36585849C09D6DC1FE.sh
    cd "/Users/Amaru/Desktop/Aktuellt_skolarbete/Luftens Hjältar/talespin/glm/CMakeFiles/CMakeTmp"
    /bin/sh -c "\"/Users/Amaru/Desktop/Aktuellt_skolarbete/Luftens Hjältar/talespin/glm/CMakeFiles/CMakeTmp/CMAKE_TRY_COMPILE.build/Debug/cmTryCompileExec3808380376.build/Script-A654CB36585849C09D6DC1FE.sh\""
echo "Depend check for xcode"
Depend check for xcode
cd /Users/Amaru/Desktop/Aktuellt_skolarbete/Luftens\ Hjältar/talespin/glm/CMakeFiles/CMakeTmp && make -C /Users/Amaru/Desktop/Aktuellt_skolarbete/Luftens\ Hjältar/talespin/glm/CMakeFiles/CMakeTmp -f /Users/Amaru/Desktop/Aktuellt_skolarbete/Luftens\ Hjältar/talespin/glm/CMakeFiles/CMakeTmp/CMakeScripts/XCODE_DEPEND_HELPER.make PostBuild.cmTryCompileExec3808380376.Debug
make[1]: Nothing to be done for `PostBuild.cmTryCompileExec3808380376.Debug'.


** BUILD SUCCEEDED **



